<?xml version="1.0" encoding="UTF-8"?>
<testsuite xmlns:xsi="http://www.w3.org/2001/XMLSchema-instance" xsi:noNamespaceSchemaLocation="https://maven.apache.org/surefire/maven-surefire-plugin/xsd/surefire-test-report.xsd" version="3.0.2" name="com.example.demo.ProjectApplicationTests" time="14.341" tests="1" errors="0" skipped="0" failures="0">
  <properties>
[...]
</properties>
  <testcase name="contextLoads" classname="com.example.demo.ProjectApplicationTests" time="0.81">
    <system-out><![CDATA[18:06:52.475 [main] INFO org.springframework.test.context.support.AnnotationConfigContextLoaderUtils -- Could not detect default configuration classes for test class [com.example.demo.ProjectApplicationTests]: ProjectApplicationTests does not declare any static, non-private, non-final, nested classes annotated with @Configuration.
18:06:52.703 [main] INFO org.springframework.boot.test.context.SpringBootTestContextBootstrapper -- Found @SpringBootConfiguration com.example.demo.ProjectApplication for test class com.example.demo.ProjectApplicationTests

  .   ____          _            __ _ _
 /\\ / ___'_ __ _ _(_)_ __  __ _ \ \ \ \
( ( )\___ | '_ | '_| | '_ \/ _` | \ \ \ \
 \\/  ___)| |_)| | | | | || (_| |  ) ) ) )
  '  |____| .__|_| |_|_| |_\__, | / / / /
 =========|_|==============|___/=/_/_/_/

 :: Spring Boot ::                (v3.4.5)

2025-05-22T18:06:54.068-05:00  INFO 14248 --- [project] [           main] c.example.demo.ProjectApplicationTests   : Starting ProjectApplicationTests using Java 18.0.2.1 with PID 14248 (started by hamis in c:\Users\hamis\Documents\Tareas\6to_semestre\Programacion Orientada a Objetos\project)
2025-05-22T18:06:54.070-05:00  INFO 14248 --- [project] [           main] c.example.demo.ProjectApplicationTests   : The following 1 profile is active: "prod"
2025-05-22T18:06:56.088-05:00  INFO 14248 --- [project] [           main] .s.d.r.c.RepositoryConfigurationDelegate : Bootstrapping Spring Data JPA repositories in DEFAULT mode.
2025-05-22T18:06:56.301-05:00  INFO 14248 --- [project] [           main] .s.d.r.c.RepositoryConfigurationDelegate : Finished Spring Data repository scanning in 194 ms. Found 1 JPA repository interface.
2025-05-22T18:06:56.713-05:00  INFO 14248 --- [project] [           main] o.s.cloud.context.scope.GenericScope     : BeanFactory id=1d563779-b33e-3108-936a-b9052505b602
2025-05-22T18:06:57.219-05:00  INFO 14248 --- [project] [           main] o.hibernate.jpa.internal.util.LogHelper  : HHH000204: Processing PersistenceUnitInfo [name: default]
2025-05-22T18:06:57.293-05:00  INFO 14248 --- [project] [           main] org.hibernate.Version                    : HHH000412: Hibernate ORM core version 6.6.13.Final
2025-05-22T18:06:57.344-05:00  INFO 14248 --- [project] [           main] o.h.c.internal.RegionFactoryInitiator    : HHH000026: Second-level cache disabled
2025-05-22T18:06:58.139-05:00  INFO 14248 --- [project] [           main] o.s.o.j.p.SpringPersistenceUnitInfo      : No LoadTimeWeaver setup: ignoring JPA class transformer
2025-05-22T18:06:58.187-05:00  INFO 14248 --- [project] [           main] com.zaxxer.hikari.HikariDataSource       : HikariPool-1 - Starting...
2025-05-22T18:07:00.759-05:00  INFO 14248 --- [project] [           main] com.zaxxer.hikari.pool.HikariPool        : HikariPool-1 - Added connection com.mysql.cj.jdbc.ConnectionImpl@73be4cdd
2025-05-22T18:07:00.763-05:00  INFO 14248 --- [project] [           main] com.zaxxer.hikari.HikariDataSource       : HikariPool-1 - Start completed.
2025-05-22T18:07:00.985-05:00  WARN 14248 --- [project] [           main] org.hibernate.orm.deprecation            : HHH90000025: MySQL8Dialect does not need to be specified explicitly using 'hibernate.dialect' (remove the property setting and it will be selected by default)
2025-05-22T18:07:00.987-05:00  WARN 14248 --- [project] [           main] org.hibernate.orm.deprecation            : HHH90000026: MySQL8Dialect has been deprecated; use org.hibernate.dialect.MySQLDialect instead
2025-05-22T18:07:01.012-05:00  INFO 14248 --- [project] [           main] org.hibernate.orm.connections.pooling    : HHH10001005: Database info:
	Database JDBC URL [Connecting through datasource 'HikariDataSource (HikariPool-1)']
	Database driver: undefined/unknown
	Database version: 8.0
	Autocommit mode: undefined/unknown
	Isolation level: undefined/unknown
	Minimum pool size: undefined/unknown
	Maximum pool size: undefined/unknown
2025-05-22T18:07:02.170-05:00  INFO 14248 --- [project] [           main] o.h.e.t.j.p.i.JtaPlatformInitiator       : HHH000489: No JTA platform available (set 'hibernate.transaction.jta.platform' to enable JTA platform integration)
2025-05-22T18:07:02.513-05:00  INFO 14248 --- [project] [           main] j.LocalContainerEntityManagerFactoryBean : Initialized JPA EntityManagerFactory for persistence unit 'default'
2025-05-22T18:07:03.375-05:00  WARN 14248 --- [project] [           main] JpaBaseConfiguration$JpaWebConfiguration : spring.jpa.open-in-view is enabled by default. Therefore, database queries may be performed during view rendering. Explicitly configure spring.jpa.open-in-view to disable this warning
2025-05-22T18:07:05.331-05:00  INFO 14248 --- [project] [           main] .w.s.a.s.AnnotationActionEndpointMapping : Supporting [WS-Addressing August 2004, WS-Addressing 1.0]
2025-05-22T18:07:05.675-05:00  INFO 14248 --- [project] [           main] c.example.demo.ProjectApplicationTests   : Started ProjectApplicationTests in 12.369 seconds (process running for 14.7)
]]></system-out>
  </testcase>
</testsuite>